[0.012s] Invoking command in '/home/jonathan/colcon_ws/build/ebot_description': CMAKE_PREFIX_PATH=/opt/ros/humble /usr/bin/cmake /home/jonathan/colcon_ws/src/ebot_description -DCMAKE_INSTALL_PREFIX=/home/jonathan/colcon_ws/install/ebot_description
[0.099s] -- The C compiler identification is GNU 11.4.0
[0.159s] -- The CXX compiler identification is GNU 11.4.0
[0.166s] -- Detecting C compiler ABI info
[0.223s] -- Detecting C compiler ABI info - done
[0.231s] -- Check for working C compiler: /usr/bin/cc - skipped
[0.232s] -- Detecting C compile features
[0.232s] -- Detecting C compile features - done
[0.235s] -- Detecting CXX compiler ABI info
[0.306s] -- Detecting CXX compiler ABI info - done
[0.314s] -- Check for working CXX compiler: /usr/bin/c++ - skipped
[0.314s] -- Detecting CXX compile features
[0.314s] -- Detecting CXX compile features - done
[0.317s] -- Found ament_cmake: 1.3.5 (/opt/ros/humble/share/ament_cmake/cmake)
[0.465s] -- Found Python3: /usr/bin/python3.10 (found version "3.10.12") found components: Interpreter 
[0.546s] -- Found rclcpp: 16.0.5 (/opt/ros/humble/share/rclcpp/cmake)
[0.589s] -- Found rosidl_generator_c: 3.1.5 (/opt/ros/humble/share/rosidl_generator_c/cmake)
[0.593s] -- Found rosidl_adapter: 3.1.5 (/opt/ros/humble/share/rosidl_adapter/cmake)
[0.601s] -- Found rosidl_generator_cpp: 3.1.5 (/opt/ros/humble/share/rosidl_generator_cpp/cmake)
[0.611s] -- Using all available rosidl_typesupport_c: rosidl_typesupport_fastrtps_c;rosidl_typesupport_introspection_c
[0.630s] -- Using all available rosidl_typesupport_cpp: rosidl_typesupport_fastrtps_cpp;rosidl_typesupport_introspection_cpp
[0.700s] -- Found rmw_implementation_cmake: 6.1.1 (/opt/ros/humble/share/rmw_implementation_cmake/cmake)
[0.702s] -- Found rmw_fastrtps_cpp: 6.2.3 (/opt/ros/humble/share/rmw_fastrtps_cpp/cmake)
[0.798s] -- Found OpenSSL: /usr/lib/x86_64-linux-gnu/libcrypto.so (found version "3.0.2")  
[0.826s] -- Found FastRTPS: /opt/ros/humble/include  
[0.863s] -- Using RMW implementation 'rmw_fastrtps_cpp' as default
[0.871s] -- Looking for pthread.h
[0.929s] -- Looking for pthread.h - found
[0.930s] -- Performing Test CMAKE_HAVE_LIBC_PTHREAD
[0.992s] -- Performing Test CMAKE_HAVE_LIBC_PTHREAD - Success
[0.993s] -- Found Threads: TRUE  
[1.114s] -- Found rclpy: 3.3.9 (/opt/ros/humble/share/rclpy/cmake)
[1.116s] -- Found urdf: 2.6.0 (/opt/ros/humble/share/urdf/cmake)
[1.146s] -- Found xacro: 2.0.8 (/opt/ros/humble/share/xacro/cmake)
[1.148s] -- Found ament_lint_auto: 0.12.7 (/opt/ros/humble/share/ament_lint_auto/cmake)
[1.202s] -- Added test 'copyright' to check source files copyright and LICENSE
[1.204s] -- Added test 'flake8' to check Python code syntax and style conventions
[1.204s] -- Added test 'lint_cmake' to check CMake code style
[1.204s] -- Added test 'pep257' to check Python code against some of the docstring style conventions in PEP 257
[1.205s] -- Added test 'xmllint' to check XML markup files
[1.206s] -- Configuring done
[1.209s] -- Generating done
[1.210s] -- Build files have been written to: /home/jonathan/colcon_ws/build/ebot_description
[1.217s] Invoked command in '/home/jonathan/colcon_ws/build/ebot_description' returned '0': CMAKE_PREFIX_PATH=/opt/ros/humble /usr/bin/cmake /home/jonathan/colcon_ws/src/ebot_description -DCMAKE_INSTALL_PREFIX=/home/jonathan/colcon_ws/install/ebot_description
[1.218s] Invoking command in '/home/jonathan/colcon_ws/build/ebot_description': CMAKE_PREFIX_PATH=/opt/ros/humble /usr/bin/cmake --build /home/jonathan/colcon_ws/build/ebot_description -- -j16 -l16
[1.255s] Invoked command in '/home/jonathan/colcon_ws/build/ebot_description' returned '0': CMAKE_PREFIX_PATH=/opt/ros/humble /usr/bin/cmake --build /home/jonathan/colcon_ws/build/ebot_description -- -j16 -l16
[1.273s] Invoking command in '/home/jonathan/colcon_ws/build/ebot_description': CMAKE_PREFIX_PATH=/opt/ros/humble /usr/bin/cmake --install /home/jonathan/colcon_ws/build/ebot_description
[1.279s] -- Install configuration: ""
[1.279s] -- Installing: /home/jonathan/colcon_ws/install/ebot_description/share/ebot_description//launch
[1.279s] -- Installing: /home/jonathan/colcon_ws/install/ebot_description/share/ebot_description//launch/ebot_gazebo_launch.py
[1.280s] -- Installing: /home/jonathan/colcon_ws/install/ebot_description/share/ebot_description//launch/start_world_launch.py
[1.280s] -- Installing: /home/jonathan/colcon_ws/install/ebot_description/share/ebot_description//models
[1.280s] -- Installing: /home/jonathan/colcon_ws/install/ebot_description/share/ebot_description//models/ebot
[1.280s] -- Installing: /home/jonathan/colcon_ws/install/ebot_description/share/ebot_description//models/ebot/ebot.gazebo
[1.280s] -- Installing: /home/jonathan/colcon_ws/install/ebot_description/share/ebot_description//models/ebot/ebot_description.xacro
[1.280s] -- Installing: /home/jonathan/colcon_ws/install/ebot_description/share/ebot_description//meshes
[1.280s] -- Installing: /home/jonathan/colcon_ws/install/ebot_description/share/ebot_description//meshes/LHUS10.STL
[1.280s] -- Installing: /home/jonathan/colcon_ws/install/ebot_description/share/ebot_description//meshes/LHUS9.STL
[1.280s] -- Installing: /home/jonathan/colcon_ws/install/ebot_description/share/ebot_description//meshes/FWR.STL
[1.280s] -- Installing: /home/jonathan/colcon_ws/install/ebot_description/share/ebot_description//meshes/RHUS7.STL
[1.280s] -- Installing: /home/jonathan/colcon_ws/install/ebot_description/share/ebot_description//meshes/RHUS9.STL
[1.280s] -- Installing: /home/jonathan/colcon_ws/install/ebot_description/share/ebot_description//meshes/FUS4.STL
[1.281s] -- Installing: /home/jonathan/colcon_ws/install/ebot_description/share/ebot_description//meshes/RWR.STL
[1.281s] -- Installing: /home/jonathan/colcon_ws/install/ebot_description/share/ebot_description//meshes/RWL.STL
[1.281s] -- Installing: /home/jonathan/colcon_ws/install/ebot_description/share/ebot_description//meshes/FWL.STL
[1.282s] -- Installing: /home/jonathan/colcon_ws/install/ebot_description/share/ebot_description//meshes/FUS3.STL
[1.282s] -- Installing: /home/jonathan/colcon_ws/install/ebot_description/share/ebot_description//meshes/chassis.dae
[1.300s] -- Installing: /home/jonathan/colcon_ws/install/ebot_description/share/ebot_description//meshes/FUS2.STL
[1.300s] -- Installing: /home/jonathan/colcon_ws/install/ebot_description/share/ebot_description//meshes/RUS6.STL
[1.300s] -- Installing: /home/jonathan/colcon_ws/install/ebot_description/share/ebot_description//meshes/robot_base.stl
[1.300s] -- Installing: /home/jonathan/colcon_ws/install/ebot_description/share/ebot_description//meshes/RUS5.STL
[1.300s] -- Installing: /home/jonathan/colcon_ws/install/ebot_description/share/ebot_description//meshes/FUS1.STL
[1.300s] -- Installing: /home/jonathan/colcon_ws/install/ebot_description/share/ebot_description//plugins
[1.300s] -- Installing: /home/jonathan/colcon_ws/install/ebot_description/share/ebot_description//plugins/libgazebo_collision_sensor.so
[1.302s] -- Installing: /home/jonathan/colcon_ws/install/ebot_description/share/ament_index/resource_index/package_run_dependencies/ebot_description
[1.302s] -- Installing: /home/jonathan/colcon_ws/install/ebot_description/share/ament_index/resource_index/parent_prefix_path/ebot_description
[1.302s] -- Installing: /home/jonathan/colcon_ws/install/ebot_description/share/ebot_description/environment/ament_prefix_path.sh
[1.302s] -- Installing: /home/jonathan/colcon_ws/install/ebot_description/share/ebot_description/environment/ament_prefix_path.dsv
[1.302s] -- Installing: /home/jonathan/colcon_ws/install/ebot_description/share/ebot_description/environment/path.sh
[1.302s] -- Installing: /home/jonathan/colcon_ws/install/ebot_description/share/ebot_description/environment/path.dsv
[1.302s] -- Installing: /home/jonathan/colcon_ws/install/ebot_description/share/ebot_description/local_setup.bash
[1.302s] -- Installing: /home/jonathan/colcon_ws/install/ebot_description/share/ebot_description/local_setup.sh
[1.302s] -- Installing: /home/jonathan/colcon_ws/install/ebot_description/share/ebot_description/local_setup.zsh
[1.302s] -- Installing: /home/jonathan/colcon_ws/install/ebot_description/share/ebot_description/local_setup.dsv
[1.302s] -- Installing: /home/jonathan/colcon_ws/install/ebot_description/share/ebot_description/package.dsv
[1.302s] -- Installing: /home/jonathan/colcon_ws/install/ebot_description/share/ament_index/resource_index/packages/ebot_description
[1.303s] -- Installing: /home/jonathan/colcon_ws/install/ebot_description/share/ebot_description/cmake/ebot_descriptionConfig.cmake
[1.303s] -- Installing: /home/jonathan/colcon_ws/install/ebot_description/share/ebot_description/cmake/ebot_descriptionConfig-version.cmake
[1.303s] -- Installing: /home/jonathan/colcon_ws/install/ebot_description/share/ebot_description/package.xml
[1.306s] Invoked command in '/home/jonathan/colcon_ws/build/ebot_description' returned '0': CMAKE_PREFIX_PATH=/opt/ros/humble /usr/bin/cmake --install /home/jonathan/colcon_ws/build/ebot_description
